<?xml version="1.0" encoding="UTF-8"?>
<!-- Generated by org.testng.reporters.JUnitReportReporter -->
<testsuite skipped="0" hostname="Ty-Deepak-Tr" name="practice.SeleniumGRid" tests="1" failures="0" timestamp="21 Oct 2020 07:43:02 GMT" time="12.116" errors="0">
  <testcase name="crateCoantact" time="12.116" classname="practice.SeleniumGRid"/>
</testsuite> <!-- practice.SeleniumGRid -->
